[0930/235756.506:ERROR:directory_reader_win.cc(43)] FindFirstFile: The system cannot find the path specified. (0x3)
[1001/095735.328:ERROR:directory_reader_win.cc(43)] FindFirstFile: The system cannot find the path specified. (0x3)
[1001/113512.045:ERROR:directory_reader_win.cc(43)] FindFirstFile: The system cannot find the path specified. (0x3)
[1001/134131.531:ERROR:process_reader_win.cc(155)] SuspendThread: Access is denied. (0x5)
[1001/134131.532:ERROR:process_reader_win.cc(155)] SuspendThread: Access is denied. (0x5)
[1001/134131.532:ERROR:process_reader_win.cc(127)] NtOpenThread: {Access Denied} A process has requested access to an object, but has not been granted those access rights. (0xc0000022)
[1001/134131.534:ERROR:exception_snapshot_win.cc(100)] thread ID 6100 not found in process
[1001/134131.551:ERROR:process_reader_win.cc(155)] SuspendThread: Access is denied. (0x5)
[1001/134131.551:ERROR:process_reader_win.cc(155)] SuspendThread: Access is denied. (0x5)
[1001/134131.551:ERROR:process_reader_win.cc(155)] SuspendThread: Access is denied. (0x5)
[1001/134131.551:ERROR:process_reader_win.cc(155)] SuspendThread: Access is denied. (0x5)
[1001/134131.551:ERROR:process_reader_win.cc(155)] SuspendThread: Access is denied. (0x5)
[1001/134131.551:ERROR:process_reader_win.cc(155)] SuspendThread: Access is denied. (0x5)
[1001/134131.551:ERROR:process_reader_win.cc(155)] SuspendThread: Access is denied. (0x5)
[1001/134131.551:ERROR:process_reader_win.cc(155)] SuspendThread: Access is denied. (0x5)
[1001/134131.551:ERROR:process_reader_win.cc(155)] SuspendThread: Access is denied. (0x5)
[1001/134131.551:ERROR:process_reader_win.cc(155)] SuspendThread: Access is denied. (0x5)
[1001/134131.551:ERROR:process_reader_win.cc(155)] SuspendThread: Access is denied. (0x5)
[1001/134131.551:ERROR:process_reader_win.cc(155)] SuspendThread: Access is denied. (0x5)
[1001/134131.551:ERROR:process_reader_win.cc(127)] NtOpenThread: {Access Denied} A process has requested access to an object, but has not been granted those access rights. (0xc0000022)
[1001/134131.551:ERROR:exception_snapshot_win.cc(100)] thread ID 12448 not found in process
[1001/134131.565:ERROR:process_reader_win.cc(155)] SuspendThread: Access is denied. (0x5)
[1001/134131.565:ERROR:process_reader_win.cc(155)] SuspendThread: Access is denied. (0x5)
[1001/134131.565:ERROR:process_reader_win.cc(155)] SuspendThread: Access is denied. (0x5)
[1001/134131.565:ERROR:process_reader_win.cc(155)] SuspendThread: Access is denied. (0x5)
[1001/134131.565:ERROR:process_reader_win.cc(155)] SuspendThread: Access is denied. (0x5)
[1001/134131.565:ERROR:process_reader_win.cc(155)] SuspendThread: Access is denied. (0x5)
[1001/134131.565:ERROR:process_reader_win.cc(155)] SuspendThread: Access is denied. (0x5)
[1001/134131.565:ERROR:process_reader_win.cc(155)] SuspendThread: Access is denied. (0x5)
[1001/134131.565:ERROR:process_reader_win.cc(155)] SuspendThread: Access is denied. (0x5)
[1001/134131.565:ERROR:process_reader_win.cc(155)] SuspendThread: Access is denied. (0x5)
[1001/134131.565:ERROR:process_reader_win.cc(155)] SuspendThread: Access is denied. (0x5)
[1001/134131.565:ERROR:process_reader_win.cc(155)] SuspendThread: Access is denied. (0x5)
[1001/134131.565:ERROR:process_reader_win.cc(155)] SuspendThread: Access is denied. (0x5)
[1001/134131.565:ERROR:process_reader_win.cc(155)] SuspendThread: Access is denied. (0x5)
[1001/134131.565:ERROR:process_reader_win.cc(155)] SuspendThread: Access is denied. (0x5)
[1001/134131.565:ERROR:process_reader_win.cc(155)] SuspendThread: Access is denied. (0x5)
[1001/134131.565:ERROR:process_reader_win.cc(127)] NtOpenThread: {Access Denied} A process has requested access to an object, but has not been granted those access rights. (0xc0000022)
[1001/134131.565:ERROR:exception_snapshot_win.cc(100)] thread ID 12708 not found in process
[1002/135013.721:ERROR:directory_reader_win.cc(43)] FindFirstFile: The system cannot find the path specified. (0x3)
[1006/171752.245:ERROR:filesystem_win.cc(129)] GetFileAttributes C:\Users\SAMARITAN\AppData\Local\Microsoft\Edge Dev\User Data\Crashpad\attachments\4989d4e4-7a12-46e9-b42f-1078d6fec447: The system cannot find the path specified. (0x3)
[1006/172614.340:ERROR:directory_reader_win.cc(43)] FindFirstFile: The system cannot find the path specified. (0x3)
[1008/021954.235:ERROR:directory_reader_win.cc(43)] FindFirstFile: The system cannot find the path specified. (0x3)
